1 1 1
1 2 2
1 3 8
3 1 8
2 1 2
1 1 1
999999 1000000 259
1000000 999999 259
1 1000000 525
1000000 1 525
652000 139142 509
464047 827118 509
662918 564980 509
94750 846770 525
307951 909774 525
866578 965270 507
576760 467809 470
907634 283555 525
663699 866474 525
348528 187761 443
548474 689366 509
497144 976526 525
187054 346158 443
9934 822554 509
814428 919663 525
384986 705447 509
712103 751427 424
649294 205695 509
858286 456324 525
390895 255389 441
354599 748058 509
871211 713720 525
125754 488649 449
396854 883582 525
584448 459323 470
656615 82565 509
880328 38032 525
554992 485833 470
172891 566147 470
581458 898389 525
991422 422017 525
430073 226847 449
533022 956059 525
182715 511218 449
397407 11203 443
978200 694548 525
885066 906250 445
797422 426325 509
551168 1094 470
750130 557893 509
796921 695534 504
645838 563133 509
204999 608155 470
288451 45879 443
903922 672649 525
389200 698852 509
613451 689799 509
661645 797527 504
948216 763271 525
881774 960707 507
729440 298482 509
769074 335311 509
162884 53264 383
171385 155554 383
274536 399964 441
848512 799174 525
116916 338193 443
467349 490749 413
715527 804879 468
76627 340257 443
276411 128848 443
914020 673208 525
677830 137074 509
882567 722 525
223464 443367 449
840985 815001 525
705235 121717 509
907816 277521 525
956788 435322 525
568386 940587 525
193532 637215 509
307715 972308 525
981260 972657 427
859746 225375 525
949490 688756 525
506551 442665 444
869004 79635 525
878408 120875 525
37840 872311 525
739203 986912 525
33532 924092 525
378500 450733 449
945969 799501 525
384575 261133 441
932481 85523 525
621721 163010 470
283353 10827 443
413131 195241 449
130803 593669 470
20750 419216 449
251984 402659 441
439272 127291 449
648349 435866 509
282861 729305 509
726625 550874 509
658987 797577 504
694321 453058 509
27291 440733 449
248624 409747 441
268258 982298 525
612562 317047 470
885416 390408 525
612529 288478 470
644270 286285 509
365626 434424 449
821963 527420 509
445827 659621 509
303682 373532 441
839896 935669 476
432974 373006 449
640725 423162 509
347204 693214 509
890909 252062 525
933494 412040 525
669798 795239 504
581451 324168 470
361853 242351 441
963872 809979 525
174429 315474 443
197493 1913 383
923309 766122 525
210177 282614 443
286679 522492 470
220254 402390 443
804013 64538 509
735139 754042 424
42069 15611 324
458761 126326 449
167727 975926 525
677101 664483 442
332042 542435 470
56918 182361 383
182939 156956 370
982683 510417 525
861071 652957 525
214705 626321 470
675022 321630 509
310563 249864 407
355179 405194 436
38638 151713 375
414016 201141 449
21347 953018 525
498354 171961 449
156702 744181 509
23707 460152 449
942592 326435 525
121238 889477 525
251122 474132 449
884956 175801 525
288412 71264 443
433096 481968 444
611419 958677 525
356535 40476 443
808974 38042 509
992215 382998 525
301886 686837 509
907475 697345 525
601198 486718 470
209025 456315 449
5318 222206 386
216413 986155 525
101496 544652 470
501082 252416 449
409976 335219 441
653724 988050 525
549216 86144 470
592492 47589 470
123694 309094 443
960466 988662 458
564093 965281 525
14959 219095 386
386913 536635 470
845854 1127 525
93864 556161 470
444225 129630 449
526786 873979 525
912712 507261 525
786375 354260 509
119978 86375 354
67818 659125 509